<?xml version="1.0" encoding="UTF-8"?>
<!-- Generated by org.testng.reporters.JUnitReportReporter -->
<testsuite hostname="LAPTOP-57SP3Q9P" failures="0" tests="2" name="testcases.Test_Swag" time="15.677" errors="0" timestamp="22 Sep 2023 18:14:25 GMT" skipped="0">
  <testcase classname="testcases.Test_Swag" name="NegativeTest" time="6.351"/>
  <testcase classname="testcases.Test_Swag" name="PositiveTest" time="9.326"/>
</testsuite> <!-- testcases.Test_Swag -->
