<?xml version="1.0" encoding="UTF-8"?>
<!-- Generated by org.testng.reporters.JUnitReportReporter -->
<testsuite hostname="LAPTOP-57SP3Q9P" failures="0" tests="2" name="testcases.Test_Swag" time="17.474" errors="0" timestamp="22 Sep 2023 09:25:31 GMT" skipped="0">
  <testcase classname="testcases.Test_Swag" name="PositiveTest" time="9.726"/>
  <testcase classname="testcases.Test_Swag" name="NegativeTest" time="7.748"/>
</testsuite> <!-- testcases.Test_Swag -->
