<?xml version="1.0" encoding="UTF-8"?>
<!-- Generated by org.testng.reporters.JUnitReportReporter -->
<testsuite hostname="LAPTOP-57SP3Q9P" failures="0" tests="1" name="testcases.Dummy" time="0.012" errors="0" timestamp="22 Sep 2023 18:15:41 GMT" skipped="0">
  <testcase classname="testcases.Dummy" name="testcase" time="0.012"/>
</testsuite> <!-- testcases.Dummy -->
