<?xml version="1.0" encoding="UTF-8"?>
<!-- Generated by org.testng.reporters.JUnitReportReporter -->
<testsuite skipped="0" hostname="LAPTOP-57SP3Q9P" name="testcases.Test_Swag" tests="2" failures="0" timestamp="22 Sep 2023 18:21:22 GMT" time="16.430" errors="0">
  <testcase name="NegativeTest" time="9.453" classname="testcases.Test_Swag"/>
  <testcase name="PositiveTest" time="6.977" classname="testcases.Test_Swag"/>
</testsuite> <!-- testcases.Test_Swag -->
